2025-09-21 00:00:39,983 - __main__ - INFO -  Initializing Biological Architecture Monitor...
2025-09-21 00:00:39,983 - __main__ - WARNING -  Dendritic supervisor unavailable: name 'get_runtime_intelligence_dendritic_integration' is not defined
2025-09-21 00:00:39,984 - __main__ - WARNING -  Visual bridge unavailable: name 'get_enhanced_visual_intelligence_bridge' is not defined
2025-09-21 00:00:39,984 - __main__ - INFO -  Generating comprehensive AIOS status...
2025-09-21 01:07:38,510 - __main__ - INFO -  Initializing AIOS Architecture Monitor...
2025-09-21 01:07:38,511 - __main__ - WARNING -  Integration bridges unavailable: name 'get_runtime_intelligence_dendritic_integration' is not defined
2025-09-21 01:07:38,512 - __main__ - WARNING -  Visual bridge unavailable: name 'get_enhanced_visual_intelligence_bridge' is not defined
2025-09-21 01:07:38,512 - __main__ - INFO -  Generating comprehensive AIOS status...
2025-09-21 01:09:12,362 - aios_architecture_monitor - INFO -  Initializing AIOS Architecture Monitor...
2025-09-21 01:09:12,363 - aios_architecture_monitor - WARNING -  Integration bridges unavailable: name 'get_runtime_intelligence_dendritic_integration' is not defined
2025-09-21 01:09:12,363 - aios_architecture_monitor - WARNING -  Visual bridge unavailable: name 'get_enhanced_visual_intelligence_bridge' is not defined
2025-09-21 01:09:12,363 - aios_architecture_monitor - INFO -  Generating comprehensive AIOS status...
2025-09-21 01:22:28,655 - aios_architecture_monitor - INFO -  Initializing AIOS Architecture Monitor...
2025-09-21 01:22:28,655 - aios_architecture_monitor - WARNING -  Integration bridges unavailable: name 'get_runtime_intelligence_dendritic_integration' is not defined
2025-09-21 01:22:28,655 - aios_architecture_monitor - WARNING -  Visual bridge unavailable: name 'get_enhanced_visual_intelligence_bridge' is not defined
2025-09-21 01:22:28,655 - aios_architecture_monitor - INFO -  Generating comprehensive AIOS status...
2025-09-21 01:22:45,301 - aios_architecture_monitor - INFO -  Initializing AIOS Architecture Monitor...
2025-09-21 01:22:45,301 - aios_architecture_monitor - WARNING -  Integration bridges unavailable: name 'get_runtime_intelligence_dendritic_integration' is not defined
2025-09-21 01:22:45,301 - aios_architecture_monitor - WARNING -  Visual bridge unavailable: name 'get_enhanced_visual_intelligence_bridge' is not defined
2025-09-21 01:22:45,301 - aios_architecture_monitor - INFO -  Generating comprehensive AIOS status...
2025-09-21 15:49:53,263 - __main__ - INFO -  Initializing Biological Architecture Monitor...
2025-09-21 15:49:53,263 - __main__ - WARNING -  Dendritic supervisor unavailable: name 'get_runtime_intelligence_dendritic_integration' is not defined
2025-09-21 15:49:53,263 - __main__ - WARNING -  Visual bridge unavailable: name 'get_enhanced_visual_intelligence_bridge' is not defined
2025-09-21 15:49:53,263 - __main__ - INFO -  Generating comprehensive AIOS status...
2025-09-21 16:15:28,258 - __main__ - INFO -  Initializing Biological Architecture Monitor...
2025-09-21 16:15:28,258 - __main__ - WARNING -  Dendritic supervisor unavailable: name 'get_runtime_intelligence_dendritic_integration' is not defined
2025-09-21 16:15:28,258 - __main__ - WARNING -  Visual bridge unavailable: name 'get_enhanced_visual_intelligence_bridge' is not defined
2025-09-21 16:15:28,258 - __main__ - INFO -  Generating comprehensive AIOS status...
2025-09-21 20:24:36,153 - __main__ - INFO -  Initializing Biological Architecture Monitor...
2025-09-21 20:24:36,154 - __main__ - WARNING -  Dendritic supervisor unavailable: name 'get_runtime_intelligence_dendritic_integration' is not defined
2025-09-21 20:24:36,154 - __main__ - WARNING -  Visual bridge unavailable: name 'get_enhanced_visual_intelligence_bridge' is not defined
2025-09-21 20:24:36,154 - __main__ - INFO -  Generating comprehensive AIOS status...
2025-09-22 21:40:34,905 - __main__ - INFO -  Initializing Biological Architecture Monitor...
2025-09-22 21:40:34,908 - __main__ - WARNING -  Dendritic supervisor unavailable: name 'get_runtime_intelligence_dendritic_integration' is not defined
2025-09-22 21:40:34,908 - __main__ - WARNING -  Visual bridge unavailable: name 'get_enhanced_visual_intelligence_bridge' is not defined
2025-09-22 21:40:34,909 - __main__ - INFO -  Generating comprehensive AIOS status...
2025-09-22 23:21:35,792 - __main__ - INFO -  Initializing Biological Architecture Monitor...
2025-09-22 23:21:35,794 - __main__ - WARNING -  Dendritic supervisor unavailable: name 'get_runtime_intelligence_dendritic_integration' is not defined
2025-09-22 23:21:35,795 - __main__ - WARNING -  Visual bridge unavailable: name 'get_enhanced_visual_intelligence_bridge' is not defined
2025-09-22 23:21:35,796 - __main__ - INFO -  Generating comprehensive AIOS status...
2025-09-22 23:25:33,464 - __main__ - INFO -  Initializing Biological Architecture Monitor...
2025-09-22 23:25:33,464 - __main__ - WARNING -  Dendritic supervisor unavailable: name 'get_runtime_intelligence_dendritic_integration' is not defined
2025-09-22 23:25:33,466 - __main__ - WARNING -  Visual bridge unavailable: name 'get_enhanced_visual_intelligence_bridge' is not defined
2025-09-22 23:25:33,466 - __main__ - INFO -  Generating comprehensive AIOS status...
2025-09-22 23:27:57,929 - __main__ - INFO -  Initializing Biological Architecture Monitor...
2025-09-22 23:27:57,931 - __main__ - WARNING -  Dendritic supervisor unavailable: name 'get_runtime_intelligence_dendritic_integration' is not defined
2025-09-22 23:27:57,934 - __main__ - WARNING -  Visual bridge unavailable: name 'get_enhanced_visual_intelligence_bridge' is not defined
2025-09-22 23:27:57,935 - __main__ - INFO -  Generating comprehensive AIOS status...
2025-09-22 23:27:59,233 - __main__ - INFO -  Initializing Biological Architecture Monitor...
2025-09-22 23:27:59,233 - __main__ - WARNING -  Dendritic supervisor unavailable: name 'get_runtime_intelligence_dendritic_integration' is not defined
2025-09-22 23:27:59,233 - __main__ - WARNING -  Visual bridge unavailable: name 'get_enhanced_visual_intelligence_bridge' is not defined
2025-09-22 23:27:59,234 - __main__ - INFO -  Generating comprehensive AIOS status...
2025-09-22 23:30:56,891 - __main__ - INFO -  Initializing Biological Architecture Monitor...
2025-09-22 23:30:56,891 - __main__ - WARNING -  Dendritic supervisor unavailable: name 'get_runtime_intelligence_dendritic_integration' is not defined
2025-09-22 23:30:56,891 - __main__ - WARNING -  Visual bridge unavailable: name 'get_enhanced_visual_intelligence_bridge' is not defined
2025-09-22 23:30:56,891 - __main__ - INFO -  Generating comprehensive AIOS status...
2025-09-22 23:34:10,248 - __main__ - INFO -  Initializing Biological Architecture Monitor...
2025-09-22 23:34:10,250 - __main__ - WARNING -  Dendritic supervisor unavailable: name 'get_runtime_intelligence_dendritic_integration' is not defined
2025-09-22 23:34:10,252 - __main__ - WARNING -  Visual bridge unavailable: name 'get_enhanced_visual_intelligence_bridge' is not defined
2025-09-22 23:34:10,259 - __main__ - INFO -  Generating comprehensive AIOS status...
2025-09-22 23:56:03,190 - __main__ - INFO -  Initializing Biological Architecture Monitor...
2025-09-22 23:56:03,190 - __main__ - WARNING -  Dendritic supervisor unavailable: name 'get_runtime_intelligence_dendritic_integration' is not defined
2025-09-22 23:56:03,191 - __main__ - WARNING -  Visual bridge unavailable: name 'get_enhanced_visual_intelligence_bridge' is not defined
2025-09-22 23:56:03,191 - __main__ - INFO -  Generating comprehensive AIOS status...
