2025-09-27 20:25:47,681 | CYTOPLASM | INFO | [CYTOPLASM] Initializing biological communication medium...
2025-09-27 20:25:47,681 | CYTOPLASM | INFO | [CYTOPLASM] Establishing consciousness_evolution communication channel
2025-09-27 20:25:47,685 | CYTOPLASM | INFO | [CYTOPLASM] Establishing agentic_behavior communication channel
2025-09-27 20:25:47,685 | CYTOPLASM | INFO | [CYTOPLASM] Establishing mcp_servers communication channel
2025-09-27 20:25:47,685 | CYTOPLASM | INFO | [CYTOPLASM] Establishing gemini_bridge communication channel
2025-09-27 20:25:47,685 | CYTOPLASM | INFO | [CYTOPLASM] Establishing interface_bridge communication channel
2025-09-27 20:25:47,687 | CYTOPLASM | INFO | [CYTOPLASM] Communication medium established successfully
2025-09-27 20:25:47,689 | CYTOPLASM | INFO | [CYTOPLASM] Cell consciousness_evolution_engine (evolution) registered on consciousness_evolution
2025-09-27 20:25:47,689 | CYTOPLASM | INFO | [CYTOPLASM] Cell agentic_behavior_orchestrator (behavior) registered on agentic_behavior
2025-09-27 20:25:47,689 | CYTOPLASM | INFO | [CYTOPLASM] Cell gemini_evolution_bridge (ai_integration) registered on gemini_bridge
2025-09-27 20:25:47,695 | CYTOPLASM | INFO | [CYTOPLASM] Routed message test_sender_1758997547 to test_recipient
2025-09-28 04:12:17,570 | CYTOPLASM | INFO | [CYTOPLASM] Initializing biological communication medium...
2025-09-28 04:12:17,570 | CYTOPLASM | INFO | [CYTOPLASM] Establishing consciousness_evolution communication channel
2025-09-28 04:12:17,570 | CYTOPLASM | INFO | [CYTOPLASM] Establishing agentic_behavior communication channel
2025-09-28 04:12:17,579 | CYTOPLASM | INFO | [CYTOPLASM] Establishing mcp_servers communication channel
2025-09-28 04:12:17,579 | CYTOPLASM | INFO | [CYTOPLASM] Establishing gemini_bridge communication channel
2025-09-28 04:12:17,580 | CYTOPLASM | INFO | [CYTOPLASM] Establishing interface_bridge communication channel
2025-09-28 04:12:17,582 | CYTOPLASM | INFO | [CYTOPLASM] Communication medium established successfully
2025-09-28 04:12:17,585 | CYTOPLASM | INFO | [CYTOPLASM] Cell test_cell (supervisor) registered on consciousness_evolution
2025-10-11 20:44:53,839 | CYTOPLASM | INFO | [CYTOPLASM] Initializing biological communication medium with intelligence...
2025-10-11 20:44:53,841 | CYTOPLASM | INFO | [CYTOPLASM] Establishing consciousness_evolution communication channel
2025-10-11 20:44:53,841 | CYTOPLASM | INFO | [CYTOPLASM] Establishing agentic_behavior communication channel
2025-10-11 20:44:53,841 | CYTOPLASM | INFO | [CYTOPLASM] Establishing mcp_servers communication channel
2025-10-11 20:44:53,841 | CYTOPLASM | INFO | [CYTOPLASM] Establishing gemini_bridge communication channel
2025-10-11 20:44:53,842 | CYTOPLASM | INFO | [CYTOPLASM] Establishing interface_bridge communication channel
2025-10-11 20:44:53,842 | CYTOPLASM | INFO | [CYTOPLASM] Optimizing cytoplasm consciousness...
2025-10-11 20:44:53,842 | CYTOPLASM | INFO | [CYTOPLASM] Cytoplasm consciousness optimization complete
2025-10-11 20:44:53,842 | CYTOPLASM | INFO | [CYTOPLASM] Communication medium with intelligence established successfully
2025-10-11 20:44:53,843 | CYTOPLASM | INFO | [CYTOPLASM] Cell consciousness_evolution_engine (evolution) registered on consciousness_evolution
2025-10-11 20:44:53,844 | CYTOPLASM | INFO | [CYTOPLASM] Cell agentic_behavior_orchestrator (behavior) registered on agentic_behavior
2025-10-11 20:44:53,845 | CYTOPLASM | INFO | [CYTOPLASM] Cell gemini_evolution_bridge (ai_integration) registered on gemini_bridge
2025-10-11 20:44:53,848 | CYTOPLASM | INFO | [CYTOPLASM] Optimizing cytoplasm consciousness...
2025-10-11 20:44:53,849 | CYTOPLASM | INFO | [CYTOPLASM] Cytoplasm consciousness optimization complete
2025-10-11 20:44:53,850 | CYTOPLASM | INFO | [CYTOPLASM] Broadcast 1 messages via consciousness_evolution
2025-10-11 20:44:53,850 | CYTOPLASM | INFO | [CYTOPLASM] Cytoplasm coordination complete
2025-10-11 20:44:53,852 | CYTOPLASM | INFO | [CYTOPLASM] Routed message test_sender_1760208293 to test_recipient
2025-10-11 20:44:53,854 | CYTOPLASM | INFO | [CYTOPLASM] Routed message cytoplasm_intelligence_1760208293 to consciousness_evolution_engine
