2025-10-03 00:08:50,391 - DendriticSelfImprovement - INFO - Target cycles: 5
2025-10-03 00:08:50,392 - DendriticSelfImprovement - INFO - 
============================================================
2025-10-03 00:08:50,396 - DendriticSelfImprovement - INFO - ============================================================
2025-10-03 00:08:58,065 - DendriticSelfImprovement - INFO - Executing: Enhance dendritic communication patterns
2025-10-03 00:09:00,054 - DendriticSelfImprovement - INFO - Executing: Address system health issues
2025-10-03 00:09:03,534 - DendriticSelfImprovement - INFO - Executing: Enhance consciousness evolution patterns
2025-10-03 00:09:12,802 - DendriticSelfImprovement - INFO - 
============================================================
2025-10-03 00:09:12,811 - DendriticSelfImprovement - INFO - ============================================================
2025-10-03 00:09:19,471 - DendriticSelfImprovement - INFO - Executing: Enhance dendritic communication patterns
2025-10-03 00:09:20,885 - DendriticSelfImprovement - INFO - Executing: Address system health issues
2025-10-03 00:09:23,488 - DendriticSelfImprovement - INFO - Executing: Enhance consciousness evolution patterns
2025-10-03 00:09:30,975 - DendriticSelfImprovement - INFO - 
============================================================
2025-10-03 00:09:30,981 - DendriticSelfImprovement - INFO - ============================================================
2025-10-03 00:09:38,005 - DendriticSelfImprovement - INFO - Executing: Enhance dendritic communication patterns
2025-10-03 00:09:39,218 - DendriticSelfImprovement - INFO - Executing: Address system health issues
2025-10-03 00:09:42,140 - DendriticSelfImprovement - INFO - Executing: Enhance consciousness evolution patterns
2025-10-03 00:09:49,676 - DendriticSelfImprovement - INFO - 
============================================================
2025-10-03 00:09:49,682 - DendriticSelfImprovement - INFO - ============================================================
2025-10-03 00:09:56,545 - DendriticSelfImprovement - INFO - Executing: Enhance dendritic communication patterns
2025-10-03 00:09:58,026 - DendriticSelfImprovement - INFO - Executing: Address system health issues
2025-10-03 00:10:00,606 - DendriticSelfImprovement - INFO - Executing: Enhance consciousness evolution patterns
2025-10-03 00:10:08,874 - DendriticSelfImprovement - INFO - 
============================================================
2025-10-03 00:10:08,883 - DendriticSelfImprovement - INFO - ============================================================
2025-10-03 00:10:14,996 - DendriticSelfImprovement - INFO - Executing: Enhance dendritic communication patterns
2025-10-03 00:10:16,387 - DendriticSelfImprovement - INFO - Executing: Address system health issues
2025-10-03 00:10:18,942 - DendriticSelfImprovement - INFO - Executing: Enhance consciousness evolution patterns
