2025-10-02 23:58:41,822 - DendriticSelfImprovement - INFO - Target cycles: 5
2025-10-02 23:58:41,823 - DendriticSelfImprovement - INFO - 
============================================================
2025-10-02 23:58:41,828 - DendriticSelfImprovement - INFO - ============================================================
2025-10-02 23:58:58,651 - DendriticSelfImprovement - INFO - Executing: Enhance dendritic communication patterns
2025-10-02 23:59:04,766 - DendriticSelfImprovement - INFO - Executing: Address system health issues
2025-10-02 23:59:11,964 - DendriticSelfImprovement - INFO - Executing: Enhance consciousness evolution patterns
2025-10-02 23:59:35,603 - DendriticSelfImprovement - INFO - 
============================================================
2025-10-02 23:59:35,651 - DendriticSelfImprovement - INFO - ============================================================
2025-10-02 23:59:54,875 - DendriticSelfImprovement - INFO - Executing: Enhance dendritic communication patterns
2025-10-02 23:59:57,603 - DendriticSelfImprovement - INFO - Executing: Address system health issues
2025-10-03 00:00:05,495 - DendriticSelfImprovement - INFO - Executing: Enhance consciousness evolution patterns
2025-10-03 00:00:24,683 - DendriticSelfImprovement - INFO - 
============================================================
2025-10-03 00:00:24,708 - DendriticSelfImprovement - INFO - ============================================================
2025-10-03 00:00:45,789 - DendriticSelfImprovement - INFO - Executing: Enhance dendritic communication patterns
2025-10-03 00:00:48,510 - DendriticSelfImprovement - INFO - Executing: Address system health issues
2025-10-03 00:00:56,039 - DendriticSelfImprovement - INFO - Executing: Enhance consciousness evolution patterns
2025-10-03 00:01:11,062 - DendriticSelfImprovement - INFO - 
============================================================
2025-10-03 00:01:11,072 - DendriticSelfImprovement - INFO - ============================================================
2025-10-03 00:01:26,373 - DendriticSelfImprovement - INFO - Executing: Enhance dendritic communication patterns
2025-10-03 00:01:30,521 - DendriticSelfImprovement - INFO - Executing: Address system health issues
2025-10-03 00:01:34,438 - DendriticSelfImprovement - INFO - Executing: Enhance consciousness evolution patterns
2025-10-03 00:01:52,127 - DendriticSelfImprovement - INFO - 
============================================================
2025-10-03 00:01:52,148 - DendriticSelfImprovement - INFO - ============================================================
2025-10-03 00:02:01,571 - DendriticSelfImprovement - INFO - Executing: Enhance dendritic communication patterns
2025-10-03 00:02:03,118 - DendriticSelfImprovement - INFO - Executing: Address system health issues
2025-10-03 00:02:06,954 - DendriticSelfImprovement - INFO - Executing: Enhance consciousness evolution patterns
