2025-08-16 23:21:04,504 - INFO - OpenCV Vision Module created
2025-08-16 23:21:04,505 - INFO - Initializing OpenCV Vision Module...
2025-08-16 23:21:04,505 - INFO - OpenCV version: 4.12.0
2025-08-16 23:21:04,508 - INFO - Feature detectors initialized
2025-08-16 23:21:04,508 - INFO - Quantum coherence established for vision processing
2025-08-16 23:21:04,508 - INFO - OpenCV Vision Module initialized successfully
2025-08-16 23:21:06,611 - INFO - Image processed: C:\dev\AIOS\runtime_intelligence\logs\vision_demo\simple_consciousness.png, Time: 2.103s, Features: 453, Coherence: 0.794
2025-08-16 23:21:06,629 - INFO - Image processed: C:\dev\AIOS\runtime_intelligence\logs\vision_demo\mandala_consciousness.png, Time: 0.017s, Features: 1005, Coherence: 0.769
2025-08-16 23:21:06,662 - INFO - Image processed: C:\dev\AIOS\runtime_intelligence\logs\vision_demo\fractal_consciousness.png, Time: 0.031s, Features: 99, Coherence: 0.698
2025-08-16 23:21:06,662 - INFO - OpenCV Vision Module shutting down
2025-08-16 23:32:27,272 - INFO - OpenCV Vision Module created
2025-08-16 23:32:27,273 - INFO - Initializing OpenCV Vision Module...
2025-08-16 23:32:27,273 - INFO - OpenCV version: 4.12.0
2025-08-16 23:32:27,275 - INFO - Feature detectors initialized
2025-08-16 23:32:27,275 - INFO - Quantum coherence established for vision processing
2025-08-16 23:32:27,275 - INFO - OpenCV Vision Module initialized successfully
2025-08-16 23:32:29,218 - INFO - Image processed: C:\dev\AIOS\runtime_intelligence\logs\vision_demo\simple_consciousness.png, Time: 1.941s, Features: 453, Coherence: 0.794
2025-08-16 23:32:29,238 - INFO - Image processed: C:\dev\AIOS\runtime_intelligence\logs\vision_demo\mandala_consciousness.png, Time: 0.018s, Features: 1005, Coherence: 0.769
2025-08-16 23:32:29,254 - INFO - Image processed: C:\dev\AIOS\runtime_intelligence\logs\vision_demo\fractal_consciousness.png, Time: 0.014s, Features: 99, Coherence: 0.698
2025-08-16 23:32:29,254 - INFO - OpenCV Vision Module shutting down
2025-08-17 00:01:24,268 - INFO - OpenCV Vision Module created
2025-08-17 00:01:24,268 - INFO - Initializing OpenCV Vision Module...
2025-08-17 00:01:24,268 - INFO - OpenCV version: 4.12.0
2025-08-17 00:01:24,270 - INFO - Feature detectors initialized
2025-08-17 00:01:24,271 - INFO - Quantum coherence established for vision processing
2025-08-17 00:01:24,271 - INFO - OpenCV Vision Module initialized successfully
2025-08-17 00:01:26,169 - INFO - Image processed: C:\dev\AIOS\runtime_intelligence\logs\vision_demo\simple_consciousness.png, Time: 1.898s, Features: 453, Coherence: 0.794
2025-08-17 00:01:26,190 - INFO - Image processed: C:\dev\AIOS\runtime_intelligence\logs\vision_demo\mandala_consciousness.png, Time: 0.018s, Features: 1005, Coherence: 0.769
2025-08-17 00:01:26,207 - INFO - Image processed: C:\dev\AIOS\runtime_intelligence\logs\vision_demo\fractal_consciousness.png, Time: 0.016s, Features: 99, Coherence: 0.698
2025-08-17 00:01:26,207 - INFO - OpenCV Vision Module shutting down
