{"timestamp":"2025-09-13T00:45:55.5579737+02:00","status":"block","rules_version":6,"profile":"full","data":{"profile":"full","violations":{"deprecated":null,"root":null,"size":null,"secrets":null,"json":null,"exec":null,"changelog":"(changelog-missing)","py":null,"tests":null}}}

{"timestamp":"2025-09-13T00:58:36.7763496+02:00","status":"block","rules_version":6,"profile":"full","data":{"violations":{"deprecated":null,"root":".aios_agentic_config.json","size":null,"secrets":null,"json":null,"exec":null,"changelog":"(changelog-missing)","py":null,"tests":null},"profile":"full"}}

{"timestamp":"2025-09-13T00:59:41.7913687+02:00","status":"block","rules_version":6,"profile":"full","data":{"violations":{"deprecated":null,"root":".aios_agentic_config.json","size":null,"secrets":null,"json":null,"exec":null,"changelog":"(changelog-missing)","py":null,"tests":null},"profile":"full"}}

{"timestamp":"2025-09-13T01:02:21.2658602+02:00","status":"block","rules_version":6,"profile":"full","data":{"violations":{"deprecated":null,"root":null,"size":null,"secrets":null,"json":null,"exec":null,"changelog":"(changelog-missing)","py":null,"tests":null},"profile":"full"}}

{"timestamp":"2025-09-13T01:05:29.2154225+02:00","status":"block","rules_version":6,"profile":"full","data":{"violations":{"deprecated":null,"root":null,"size":null,"secrets":null,"json":null,"exec":null,"changelog":"(changelog-missing)","py":null,"tests":null},"profile":"full"}}

{"timestamp":"2025-09-13T01:08:18.7415631+02:00","status":"pass","rules_version":6,"profile":"full","data":{"profile":"full","criticality_warn":null,"changed":8}}

{"timestamp":"2025-09-13T01:18:37.8864160+02:00","status":"pass","rules_version":6,"profile":"full","data":{"profile":"full","changed":39,"criticality_warn":null}}

{"timestamp":"2025-09-13T01:18:59.2364900+02:00","status":"pass","rules_version":6,"profile":"full","data":{"changed":2,"criticality_warn":null,"profile":"full"}}

{"timestamp":"2025-09-13T01:22:57.5817745+02:00","status":"pass","rules_version":6,"profile":"full","data":{"changed":3,"criticality_warn":null,"profile":"full"}}

{"timestamp":"2025-09-13T01:43:31.7919734+02:00","status":"pass","rules_version":6,"profile":"full","data":{"profile":"full","criticality_warn":null,"changed":4}}

{"timestamp":"2025-09-13T01:43:41.2178227+02:00","status":"pass","rules_version":6,"profile":"full","data":{"criticality_warn":null,"profile":"full","changed":2}}

{"timestamp":"2025-09-13T15:55:27.7738591+02:00","status":"block","rules_version":6,"profile":"full","data":{"profile":"full","violations":{"deprecated":null,"root":["enhanced_visual_intelligence_20250913_033632.json","AIOS_IMPLEMENTATION_TEST_RESULTS.md","consciousness_analysis_20250913_030409.txt","test_aios_implementation.py","test_biological_architecture.py","integrated_visual_intelligence_20250913_032047.json","consciousness_analysis_20250913_030501.txt"],"size":null,"secrets":null,"json":null,"exec":["ai/src/core/consciousness_emergence_analyzer.py","runtime_intelligence/tools/visual_intelligence_bridge_enhanced.py","runtime_intelligence/tools/consciousness_analysis_report.py","ai/src/integrations/visual_ai_integration_bridge.py","ai/cytoplasm/test_ui_integration.py","runtime_intelligence/tools/consciousness_visual_analyzer.py","ai/src/engines/enhanced_visual_intelligence_engine.py","ai/cytoplasm/ui_interaction_bridge.py","runtime_intelligence/tools/visual_intelligence_bridge.py"],"changelog":"(changelog-missing)","py":null,"tests":null}}}

{"timestamp":"2025-09-13T16:06:21.1425266+02:00","status":"block","rules_version":6,"profile":"full","data":{"profile":"full","violations":{"deprecated":null,"root":["tests","test_biological_architecture.py"],"size":null,"secrets":null,"json":null,"exec":["ai/src/integrations/visual_ai_integration_bridge.py","ai/src/engines/enhanced_visual_intelligence_engine.py","ai/cytoplasm/ui_interaction_bridge.py","ai/src/core/consciousness_emergence_analyzer.py","ai/cytoplasm/test_ui_integration.py"],"changelog":"(changelog-missing)","py":null,"tests":null}}}

{"timestamp":"2025-09-13T16:10:43.4990604+02:00","status":"pass","rules_version":6,"profile":"full","data":{"criticality_warn":null,"profile":"full","changed":1}}

{"timestamp":"2025-09-13T16:12:16.8634718+02:00","status":"pass","rules_version":6,"profile":"full","data":{"criticality_warn":null,"profile":"full","changed":2}}

{"timestamp":"2025-09-13T16:12:47.6962885+02:00","status":"pass","rules_version":6,"profile":"full","data":{"changed":2,"profile":"full","criticality_warn":null}}

{"timestamp":"2025-09-13T16:13:17.5374185+02:00","status":"pass","rules_version":6,"profile":"full","data":{"profile":"full","changed":2,"criticality_warn":null}}

{"timestamp":"2025-09-13T16:34:33.0569845+02:00","status":"block","rules_version":6,"profile":"full","data":{"profile":"full","violations":{"deprecated":null,"root":null,"size":null,"secrets":null,"json":null,"exec":["runtime_intelligence/tools/ainlp_holographic_documentation_system.py","tachyonic/supercell_knowledge_injector.py","runtime_intelligence/tools/aios_cli_agent_system.py"],"changelog":null,"py":null,"tests":null}}}

{"timestamp":"2025-09-13T16:38:34.0998912+02:00","status":"pass","rules_version":6,"profile":"full","data":{"changed":14,"criticality_warn":null,"profile":"full"}}

{"timestamp":"2025-09-13T20:27:47.1486419+02:00","status":"block","rules_version":6,"profile":"full","data":{"violations":{"deprecated":null,"root":"TACHYONIC_EVOLUTION_SUCCESS_REPORT.md","size":null,"secrets":null,"json":null,"exec":null,"changelog":"(changelog-missing)","py":null,"tests":null},"profile":"full"}}

{"timestamp":"2025-09-13T20:30:35.6955315+02:00","status":"block","rules_version":6,"profile":"full","data":{"profile":"full","violations":{"deprecated":null,"root":null,"size":null,"secrets":null,"json":null,"exec":null,"changelog":"(changelog-missing)","py":null,"tests":null}}}

{"timestamp":"2025-09-13T20:32:02.1824211+02:00","status":"block","rules_version":6,"profile":"full","data":{"profile":"full","violations":{"deprecated":null,"root":"CHANGELOG.md","size":null,"secrets":null,"json":null,"exec":null,"changelog":null,"py":null,"tests":null}}}

{"timestamp":"2025-09-13T20:34:04.0229612+02:00","status":"pass","rules_version":6,"profile":"full","data":{"changed":99,"criticality_warn":null,"profile":"full"}}

{"timestamp":"2025-09-13T22:18:16.7503585+02:00","status":"block","rules_version":6,"profile":"full","data":{"violations":{"deprecated":null,"root":null,"size":null,"secrets":null,"json":null,"exec":null,"changelog":"(changelog-missing)","py":null,"tests":null},"profile":"full"}}

{"timestamp":"2025-09-13T22:20:52.9447660+02:00","status":"block","rules_version":6,"profile":"full","data":{"violations":{"deprecated":null,"root":null,"size":null,"secrets":null,"json":null,"exec":null,"changelog":"(changelog-missing)","py":null,"tests":null},"profile":"full"}}

{"timestamp":"2025-09-13T22:21:41.2371285+02:00","status":"block","rules_version":6,"profile":"full","data":{"violations":{"deprecated":null,"root":null,"size":null,"secrets":null,"json":null,"exec":null,"changelog":"(changelog-missing)","py":null,"tests":null},"profile":"full"}}

{"timestamp":"2025-09-14T00:12:13.8696656+02:00","status":"block","rules_version":6,"profile":"full","data":{"profile":"full","violations":{"deprecated":null,"root":["aios_consciousness_integration_final_summary_20250913_235928.json","aios_final_consciousness_summary.py","aios_consciousness_integration_demo.py","consciousness_analysis_history.json","consciousness_code_generation_demo.py","aios_consciousness_test.py","generated_consciousness_code_sample.cs","aios_consciousness_test_report_20250913_235527.json"],"size":null,"secrets":null,"json":null,"exec":["core/assemblers/tree_assembler/scripts_py_optimized/consciousness_analyzer.py","core/assemblers/tree_assembler/scripts_py_optimized/consciousness_explorer_3d.py","ai/consciousness_assembly_bridge.py"],"changelog":"(changelog-missing)","py":null,"tests":null}}}

{"timestamp":"2025-09-14T00:15:39.4779575+02:00","status":"block","rules_version":6,"profile":"full","data":{"violations":{"deprecated":null,"root":null,"size":null,"secrets":null,"json":null,"exec":["ai/consciousness_assembly_bridge.py","core/assemblers/tree_assembler/scripts_py_optimized/consciousness_analyzer.py","core/assemblers/tree_assembler/scripts_py_optimized/consciousness_explorer_3d.py"],"changelog":"(changelog-missing)","py":null,"tests":null},"profile":"full"}}

{"timestamp":"2025-09-14T00:18:01.9628921+02:00","status":"block","rules_version":6,"profile":"full","data":{"violations":{"deprecated":null,"root":null,"size":null,"secrets":null,"json":null,"exec":null,"changelog":"(changelog-missing)","py":null,"tests":null},"profile":"full"}}

{"timestamp":"2025-09-14T00:20:13.6755869+02:00","status":"block","rules_version":6,"profile":"full","data":{"profile":"full","violations":{"deprecated":null,"root":"CHANGELOG.md","size":null,"secrets":null,"json":null,"exec":null,"changelog":null,"py":null,"tests":null}}}

{"timestamp":"2025-09-14T00:20:43.7990952+02:00","status":"block","rules_version":6,"profile":"full","data":{"profile":"full","violations":{"deprecated":null,"root":null,"size":null,"secrets":null,"json":null,"exec":null,"changelog":"(changelog-missing)","py":null,"tests":null}}}

{"timestamp":"2025-09-14T00:23:24.1759689+02:00","status":"pass","rules_version":6,"profile":"full","data":{"criticality_warn":null,"changed":45,"profile":"full"}}

{"timestamp":"2025-09-14T00:24:42.8317547+02:00","status":"pass","rules_version":6,"profile":"full","data":{"criticality_warn":null,"profile":"full","changed":2}}

{"timestamp":"2025-09-14T00:26:19.4057855+02:00","status":"block","rules_version":6,"profile":"full","data":{"profile":"full","violations":{"deprecated":null,"root":null,"size":null,"secrets":null,"json":null,"exec":null,"changelog":"(changelog-missing)","py":null,"tests":null}}}

{"timestamp":"2025-09-14T00:27:43.1351116+02:00","status":"pass","rules_version":6,"profile":"full","data":{"criticality_warn":null,"profile":"full","changed":2}}

{"timestamp":"2025-09-14T00:29:19.3974367+02:00","status":"pass","rules_version":6,"profile":"full","data":{"criticality_warn":null,"changed":3,"profile":"full"}}

{"timestamp":"2025-09-14T05:40:05.5300810+02:00","status":"block","rules_version":6,"profile":"full","data":{"violations":{"deprecated":null,"root":null,"size":null,"secrets":null,"json":null,"exec":null,"changelog":"(changelog-missing)","py":null,"tests":null},"profile":"full"}}

